<?xml version="1.0" encoding="UTF-8"?>
<!-- Generated by org.testng.reporters.JUnitReportReporter -->
<testsuite hostname="REoiMac.local" failures="0" tests="1" name="test.ReadAll" time="1.223" errors="0" timestamp="13 Sep 2023 04:48:06 GMT" skipped="0">
  <testcase classname="test.ReadAll" name="readAllProducts" time="1.223"/>
</testsuite> <!-- test.ReadAll -->
